-------------
45000
1ST_READ.BIN
20240504-011257
-------------
45000
1ST_READ.BIN
20240504-011556
-------------
45000
1ST_READ.BIN
20240504-011630
-------------
45000
1ST_READ.BIN
20240504-011644
-------------
45000
1ST_READ.BIN
20240504-011748
example
-------------
45000
1ST_READ.BIN
20240504-011801
example
-------------
45000
1ST_READ.BIN
20240504-011906
example
-------------
45000
1ST_READ.BIN
20240504-011938
example
-------------
45000
1ST_READ.BIN
20240504-011948
example
-------------
45000
1ST_READ.BIN
20240504-012015
example
-------------
45000
1ST_READ.BIN
20240504-012044
example
-------------
45000
1ST_READ.BIN
20240504-012123
lol
-------------
45000
1ST_READ.BIN
20240504-012220
lol
-------------
45000
1ST_READ.BIN
20240504-012548
lol
-------------
45000
1ST_READ.BIN
20240504-013030
lol
-------------
45000
1ST_READ.BIN
20240504-013155
lol
------------- 
45000 
1ST_READ.BIN
------------- 
45000 
1ST_READ.BIN
------------- 
45000 
1ST_READ.BIN
20240504-013726
------------- 
45000 
1ST_READ.BIN
20240504-013808
lol
------------- 
45000 
1ST_READ.BIN
20240504-013837
lol 
------------- 
45000 
1ST_READ.BIN
20240504-013846
lol  
------------- 
45000 
1ST_READ.BIN
20240504-013855
lol   
-------------
45000
1ST_READ.BIN
20240504-013909
lol    
-------------
45000
1ST_READ.BIN
20240504-013923
------------- 
45000 
1ST_READ.BIN
20240504-013958
lol    
------------- 
45000 
1ST_READ.BIN
20240504-014012
example
------------- 
45000 
1ST_READ.BIN
20240504-014020
example 
-------------
45000
1ST_READ.BIN
20240504-014044
example  
-------------
45000
1ST_READ.BIN
20240504-014101
example  
-------------
45000
1ST_READ.BIN
20240504-014112
-------------
45000
1ST_READ.BIN
20240504-014115
example
-------------
45000
1ST_READ.BIN
20240504-014126
example
------------- 
45000 
1ST_READ.BIN
20240504-014136
example
------------- 
45000 
1ST_READ.BIN
20240504-014141
------------- 
45000 
1ST_READ.BIN
20240504-014506
exampl
------------- 
45000 
1ST_READ.BIN
20240504-014517
exampl
-------------
45000
1ST_READ.BIN
20240504-014532
example
-------------
45000
1ST_READ.BIN
20240504-014540
example
-------------
45000
1ST_READ.BIN
20240504-014555
example
-------------
45000
1ST_READ.BIN
20240504-014718
example
-------------
45000
1ST_READ.BIN
20240504-014919
-------------
45000
1ST_READ.BIN
-------------
45000
1ST_READ.BIN
-------------
45000
1ST_READ.BIN
-------------
45000
1ST_READ.BIN
-------------
45000
1ST_READ.BIN
20240504-015226
example
-------------
45000
1ST_READ.BIN
-------------
45000
1ST_READ.BIN
-------------
45000
1ST_READ.BIN
-------------
45000
1ST_READ.BIN
-------------
45000
1ST_READ.BIN
-------------
45000
1ST_READ.BIN
-------------
45000
1ST_READ.BIN
20240504-020232
example
-------------
45000
1ST_READ.BIN
20240522-170915
example
-------------
45000
1ST_READ.BIN
20240522-170929
example
-------------
45000
1ST_READ.BIN
ECHO is off.
-------------
45000
1ST_READ.BIN
20240522-201208
example
-------------
45000
1ST_READ.BIN
20240522-201221
example
